"use strict";(self.webpackChunkexhume=self.webpackChunkexhume||[]).push([[2147],{1470:(e,t,r)=>{r.d(t,{A:()=>T});var n=r(6540),s=r(4164),a=r(3104),i=r(6347),o=r(205),l=r(7485),u=r(1682),c=r(679);function d(e){return n.Children.toArray(e).filter((e=>"\n"!==e)).map((e=>{if(!e||(0,n.isValidElement)(e)&&function(e){const{props:t}=e;return!!t&&"object"==typeof t&&"value"in t}(e))return e;throw new Error(`Docusaurus error: Bad <Tabs> child <${"string"==typeof e.type?e.type:e.type.name}>: all children of the <Tabs> component should be <TabItem>, and every <TabItem> should have a unique "value" prop.`)}))?.filter(Boolean)??[]}function m(e){const{values:t,children:r}=e;return(0,n.useMemo)((()=>{const e=t??function(e){return d(e).map((({props:{value:e,label:t,attributes:r,default:n}})=>({value:e,label:t,attributes:r,default:n})))}(r);return function(e){const t=(0,u.XI)(e,((e,t)=>e.value===t.value));if(t.length>0)throw new Error(`Docusaurus error: Duplicate values "${t.map((e=>e.value)).join(", ")}" found in <Tabs>. Every value needs to be unique.`)}(e),e}),[t,r])}function h({value:e,tabValues:t}){return t.some((t=>t.value===e))}function p({queryString:e=!1,groupId:t}){const r=(0,i.W6)(),s=function({queryString:e=!1,groupId:t}){if("string"==typeof e)return e;if(!1===e)return null;if(!0===e&&!t)throw new Error('Docusaurus error: The <Tabs> component groupId prop is required if queryString=true, because this value is used as the search param name. You can also provide an explicit value such as queryString="my-search-param".');return t??null}({queryString:e,groupId:t});return[(0,l.aZ)(s),(0,n.useCallback)((e=>{if(!s)return;const t=new URLSearchParams(r.location.search);t.set(s,e),r.replace({...r.location,search:t.toString()})}),[s,r])]}function f(e){const{defaultValue:t,queryString:r=!1,groupId:s}=e,a=m(e),[i,l]=(0,n.useState)((()=>function({defaultValue:e,tabValues:t}){if(0===t.length)throw new Error("Docusaurus error: the <Tabs> component requires at least one <TabItem> children component");if(e){if(!h({value:e,tabValues:t}))throw new Error(`Docusaurus error: The <Tabs> has a defaultValue "${e}" but none of its children has the corresponding value. Available values are: ${t.map((e=>e.value)).join(", ")}. If you intend to show no default tab, use defaultValue={null} instead.`);return e}const r=t.find((e=>e.default))??t[0];if(!r)throw new Error("Unexpected error: 0 tabValues");return r.value}({defaultValue:t,tabValues:a}))),[u,d]=p({queryString:r,groupId:s}),[f,v]=function({groupId:e}){const t=function(e){return e?`docusaurus.tab.${e}`:null}(e),[r,s]=(0,c.Dv)(t);return[r,(0,n.useCallback)((e=>{t&&s.set(e)}),[t,s])]}({groupId:s}),g=(()=>{const e=u??f;return h({value:e,tabValues:a})?e:null})();(0,o.A)((()=>{g&&l(g)}),[g]);return{selectedValue:i,selectValue:(0,n.useCallback)((e=>{if(!h({value:e,tabValues:a}))throw new Error(`Can't select invalid tab value=${e}`);l(e),d(e),v(e)}),[d,v,a]),tabValues:a}}var v=r(2303);const g={tabList:"tabList__CuJ",tabItem:"tabItem_LNqP"};var x=r(4848);function b({className:e,block:t,selectedValue:r,selectValue:n,tabValues:i}){const o=[],{blockElementScrollPositionUntilNextRender:l}=(0,a.a_)(),u=e=>{const t=e.currentTarget,s=o.indexOf(t),a=i[s].value;a!==r&&(l(t),n(a))},c=e=>{let t=null;switch(e.key){case"Enter":u(e);break;case"ArrowRight":{const r=o.indexOf(e.currentTarget)+1;t=o[r]??o[0];break}case"ArrowLeft":{const r=o.indexOf(e.currentTarget)-1;t=o[r]??o[o.length-1];break}}t?.focus()};return(0,x.jsx)("ul",{role:"tablist","aria-orientation":"horizontal",className:(0,s.A)("tabs",{"tabs--block":t},e),children:i.map((({value:e,label:t,attributes:n})=>(0,x.jsx)("li",{role:"tab",tabIndex:r===e?0:-1,"aria-selected":r===e,ref:e=>{o.push(e)},onKeyDown:c,onClick:u,...n,className:(0,s.A)("tabs__item",g.tabItem,n?.className,{"tabs__item--active":r===e}),children:t??e},e)))})}function w({lazy:e,children:t,selectedValue:r}){const a=(Array.isArray(t)?t:[t]).filter(Boolean);if(e){const e=a.find((e=>e.props.value===r));return e?(0,n.cloneElement)(e,{className:(0,s.A)("margin-top--md",e.props.className)}):null}return(0,x.jsx)("div",{className:"margin-top--md",children:a.map(((e,t)=>(0,n.cloneElement)(e,{key:t,hidden:e.props.value!==r})))})}function y(e){const t=f(e);return(0,x.jsxs)("div",{className:(0,s.A)("tabs-container",g.tabList),children:[(0,x.jsx)(b,{...t,...e}),(0,x.jsx)(w,{...t,...e})]})}function T(e){const t=(0,v.A)();return(0,x.jsx)(y,{...e,children:d(e.children)},String(t))}},8217:(e,t,r)=>{r.r(t),r.d(t,{assets:()=>c,contentTitle:()=>u,default:()=>h,frontMatter:()=>l,metadata:()=>n,toc:()=>d});const n=JSON.parse('{"id":"exhume_artefacts/getting-started","title":"Getting Started","description":"Learn the basic principles of exhuming artefacts from a disk image.","source":"@site/docs/exhume_artefacts/getting-started.md","sourceDirName":"exhume_artefacts","slug":"/exhume_artefacts/getting-started","permalink":"/docs/exhume_artefacts/getting-started","draft":false,"unlisted":false,"tags":[],"version":"current","sidebarPosition":1,"frontMatter":{"sidebar_position":1},"sidebar":"tutorialSidebar","previous":{"title":"\ud83e\uddec Exhume - Artefacts","permalink":"/docs/category/-exhume---artefacts"},"next":{"title":"\ud83e\udd89 Thanatology","permalink":"/docs/thanatology"}}');var s=r(4848),a=r(8453),i=r(1470),o=r(9365);const l={sidebar_position:1},u="Getting Started",c={},d=[{value:"\ud83d\udee0\ufe0f Prerequisites",id:"\ufe0f-prerequisites",level:2},{value:"Installing Rust",id:"installing-rust",level:3},{value:"Basic installation",id:"basic-installation",level:3},{value:"Installing from source",id:"installing-from-source",level:3},{value:"\ud83d\ude80 Basic Usage",id:"-basic-usage",level:2},{value:"Test Example Programs",id:"test-example-programs",level:3},{value:"\ud83d\udcd8 Examples",id:"-examples",level:3},{value:"Parsing from a file",id:"parsing-from-a-file",level:4},{value:"Parsing from a disk image",id:"parsing-from-a-disk-image",level:4}];function m(e){const t={a:"a",admonition:"admonition",code:"code",em:"em",h1:"h1",h2:"h2",h3:"h3",h4:"h4",header:"header",p:"p",pre:"pre",strong:"strong",...(0,a.R)(),...e.components};return(0,s.jsxs)(s.Fragment,{children:[(0,s.jsx)(t.header,{children:(0,s.jsx)(t.h1,{id:"getting-started",children:"Getting Started"})}),"\n",(0,s.jsx)(t.p,{children:"Learn the basic principles of exhuming artefacts from a disk image."}),"\n",(0,s.jsx)(t.p,{children:"The exhume artefacts module is helping the investigator with the parsing of artefacts."}),"\n",(0,s.jsx)(t.h2,{id:"\ufe0f-prerequisites",children:"\ud83d\udee0\ufe0f Prerequisites"}),"\n",(0,s.jsx)(t.h3,{id:"installing-rust",children:"Installing Rust"}),"\n",(0,s.jsx)(t.p,{children:"The Exhume Toolkit is built with Rust and requires it for development or compilation."}),"\n",(0,s.jsxs)(i.A,{children:[(0,s.jsx)(o.A,{value:"Unix",label:"Linux and MacOs",default:!0,children:(0,s.jsx)(t.pre,{children:(0,s.jsx)(t.code,{className:"language-bash",children:"curl --proto '=https' --tlsv1.2 https://sh.rustup.rs -sSf | sh\n"})})}),(0,s.jsxs)(o.A,{value:"Microsoft",label:"Windows",children:[(0,s.jsxs)(t.p,{children:["Visit ",(0,s.jsx)(t.a,{href:"https://www.rust-lang.org/tools/install",children:"https://www.rust-lang.org/tools/install"})," to install ",(0,s.jsx)(t.code,{children:"rustup"}),"\nYou can also use winget to install rustup using the following command in PowerShell:"]}),(0,s.jsx)(t.pre,{children:(0,s.jsx)(t.code,{className:"language-powershell",children:"winget install --id Rustlang.Rustup\n"})}),(0,s.jsx)(t.admonition,{type:"important",children:(0,s.jsx)(t.p,{children:(0,s.jsx)(t.em,{children:(0,s.jsx)(t.strong,{children:"Be sure to restart your Terminal (and in some cases your system) for the changes to take affect."})})})})]})]}),"\n",(0,s.jsx)(t.h3,{id:"basic-installation",children:"Basic installation"}),"\n",(0,s.jsx)(t.pre,{children:(0,s.jsx)(t.code,{className:"language-bash",children:"cargo install exhume_artefacts\nexhume_artefacts --help\n"})}),"\n",(0,s.jsx)(t.p,{children:"As a default feature, exhume_artefacts take a file as an argument but you can also directly pass a disk image. For this will need to intall from source."}),"\n",(0,s.jsx)(t.h3,{id:"installing-from-source",children:"Installing from source"}),"\n",(0,s.jsx)(t.pre,{children:(0,s.jsx)(t.code,{className:"language-bash",children:"git clone https://github.com/forensicxlab/exhume_artefacts.git\ncd exhume_artefacts\n# Build optimized release version\ncargo build --release\n\n# Build examples\ncargo build --examples\n"})}),"\n",(0,s.jsx)(t.h2,{id:"-basic-usage",children:"\ud83d\ude80 Basic Usage"}),"\n",(0,s.jsx)(t.p,{children:"Here, the following examples of usage provided works if you build from source which we recommend for testing."}),"\n",(0,s.jsx)(t.pre,{children:(0,s.jsx)(t.code,{className:"language-bash",children:"# Run the main CLI with --help\n./target/debug/exhume_artefacts --help\n\n# List available parsers\n./target/debug/exhume_artefacts --list-parsers\n"})}),"\n",(0,s.jsx)(t.h3,{id:"test-example-programs",children:"Test Example Programs"}),"\n",(0,s.jsx)(t.pre,{children:(0,s.jsx)(t.code,{className:"language-bash",children:"./target/debug/examples/parse_file --help\n\nParse a standalone file with a named parser and output JSONL.\n\nUsage: parse_file [OPTIONS] [file] [parser]\n\nArguments:\n  [file]\n  [parser]\n\nOptions:\n      --list-parsers           List available parsers (name + description) and exit.\n  -l, --log-level <log_level>  [default: info] [possible values: error, warn, info, debug, trace]\n  -h, --help                   Print help\n"})}),"\n",(0,s.jsx)(t.pre,{children:(0,s.jsx)(t.code,{className:"language-bash",children:"\n# Test parse_from_fs example\n./target/debug/examples/parse_from_fs --help\nParse a file (by filesystem record ID) inside a disk image and output JSONL.\n\nUsage: parse_from_fs [OPTIONS]\n\nOptions:\n      --list-parsers           List available parsers (name + description) and exit.\n  -b, --body <body>\n  -f, --format <format>        raw | ewf | vmdk | auto\n  -o, --offset <offset>        Filesystem start (bytes, dec or hex)\n  -s, --size <size>            Filesystem size (in sectors, dec or hex)\n  -r, --record <file_id>       File record identifier\n  -p, --parser <parser>\n  -l, --log-level <log_level>  [default: info] [possible values: error, warn, info, debug, trace]\n  -h, --help                   Print help\n"})}),"\n",(0,s.jsx)(t.h3,{id:"-examples",children:"\ud83d\udcd8 Examples"}),"\n",(0,s.jsx)(t.h4,{id:"parsing-from-a-file",children:"Parsing from a file"}),"\n",(0,s.jsx)(t.pre,{children:(0,s.jsx)(t.code,{className:"language-bash",children:'./target/debug/examples/parse_file --file Security.evtx --parser windows_evtx\n\n\n[2025-12-25T17:36:17Z INFO  evtx::evtx_chunk] Record id - 657\n{"event_record_id":657,"timestamp":"2016-06-21T13:17:37.306573+00:00","event":{"Event":{"#attributes":{"xmlns":"http://schemas.microsoft.com/win/2004/08/events/event"},"System":{"Provider":{"#attributes":{"Name":"Microsoft-Windows-LocationProvider","Guid":"EAAB4D92-5199-46C4-A779-9721CE323D46"}},"EventID":2001,"Version":0,"Level":4,"Task":1,"Opcode":0,"Keywords":"0x2000000000000001","TimeCreated":{"#attributes":{"SystemTime":"2016-06-21T13:17:37.306573Z"}},"EventRecordID":657,"Correlation":null,"Execution":{"#attributes":{"ProcessID":5500,"ThreadID":5200}},"Channel":"Application","Computer":"4orensics","Security":{"#attributes":{"UserID":"S-1-5-19"}}},"EventData":null}}}\n[2025-12-25T17:36:17Z INFO  evtx::evtx_chunk] Record id - 658\n{"event_record_id":658,"timestamp":"2016-06-21T13:17:37.675333+00:00","event":{"Event":{"#attributes":{"xmlns":"http://schemas.microsoft.com/win/2004/08/events/event"},"System":{"Provider":{"#attributes":{"Name":"Microsoft-Windows-LocationProvider","Guid":"EAAB4D92-5199-46C4-A779-9721CE323D46"}},"EventID":2003,"Version":0,"Level":4,"Task":1,"Opcode":0,"Keywords":"0x2000000000000001","TimeCreated":{"#attributes":{"SystemTime":"2016-06-21T13:17:37.675333Z"}},"EventRecordID":658,"Correlation":null,"Execution":{"#attributes":{"ProcessID":5500,"ThreadID":6492}},"Channel":"Application","Computer":"4orensics","Security":{"#attributes":{"UserID":"S-1-5-19"}}},"EventData":null}}}\n[...]\n'})}),"\n",(0,s.jsx)(t.h4,{id:"parsing-from-a-disk-image",children:"Parsing from a disk image"}),"\n",(0,s.jsx)(t.pre,{children:(0,s.jsx)(t.code,{className:"language-bash",children:'./target/debug/examples/parse_from_fs --body ./4orensics.001 --offset 0 --size 0x18A800000000 --record 81030 --parser windows_evtx\n\n\n[2025-12-25T17:36:17Z INFO  evtx::evtx_chunk] Record id - 657\n{"event_record_id":657,"timestamp":"2016-06-21T13:17:37.306573+00:00","event":{"Event":{"#attributes":{"xmlns":"http://schemas.microsoft.com/win/2004/08/events/event"},"System":{"Provider":{"#attributes":{"Name":"Microsoft-Windows-LocationProvider","Guid":"EAAB4D92-5199-46C4-A779-9721CE323D46"}},"EventID":2001,"Version":0,"Level":4,"Task":1,"Opcode":0,"Keywords":"0x2000000000000001","TimeCreated":{"#attributes":{"SystemTime":"2016-06-21T13:17:37.306573Z"}},"EventRecordID":657,"Correlation":null,"Execution":{"#attributes":{"ProcessID":5500,"ThreadID":5200}},"Channel":"Application","Computer":"4orensics","Security":{"#attributes":{"UserID":"S-1-5-19"}}},"EventData":null}}}\n[2025-12-25T17:36:17Z INFO  evtx::evtx_chunk] Record id - 658\n{"event_record_id":658,"timestamp":"2016-06-21T13:17:37.675333+00:00","event":{"Event":{"#attributes":{"xmlns":"http://schemas.microsoft.com/win/2004/08/events/event"},"System":{"Provider":{"#attributes":{"Name":"Microsoft-Windows-LocationProvider","Guid":"EAAB4D92-5199-46C4-A779-9721CE323D46"}},"EventID":2003,"Version":0,"Level":4,"Task":1,"Opcode":0,"Keywords":"0x2000000000000001","TimeCreated":{"#attributes":{"SystemTime":"2016-06-21T13:17:37.675333Z"}},"EventRecordID":658,"Correlation":null,"Execution":{"#attributes":{"ProcessID":5500,"ThreadID":6492}},"Channel":"Application","Computer":"4orensics","Security":{"#attributes":{"UserID":"S-1-5-19"}}},"EventData":null}}}\n[2025-12-25T17:36:17Z INFO  evtx::evtx_chunk] Record id - 659\n{"event_record_id":659,"timestamp":"2016-06-21T13:17:50.209486+00:00","event":{"Event":{"#attributes":{"xmlns":"http://schemas.microsoft.com/win/2004/08/events/event"},"System":{"Provider":{"#attributes":{"Name":"Microsoft-Windows-LocationProvider","Guid":"EAAB4D92-5199-46C4-A779-9721CE323D46"}},"EventID":2001,"Version":0,"Level":4,"Task":1,"Opcode":0,"Keywords":"0x2000000000000001","TimeCreated":{"#attributes":{"SystemTime":"2016-06-21T13:17:50.209486Z"}},"EventRecordID":659,"Correlation":null,"Execution":{"#attributes":{"ProcessID":5500,"ThreadID":2848}},"Channel":"Application","Computer":"4orensics","Security":{"#attributes":{"UserID":"S-1-5-19"}}},"EventData":null}}}\n[2025-12-25T17:36:17Z INFO  evtx::evtx_chunk] Record id - 660\n{"event_record_id":660,"timestamp":"2016-06-21T13:17:50.379997+00:00","event":{"Event":{"#attributes":{"xmlns":"http://schemas.microsoft.com/win/2004/08/events/event"},"System":{"Provider":{"#attributes":{"Name":"Microsoft-Windows-LocationProvider","Guid":"EAAB4D92-5199-46C4-A779-9721CE323D46"}},"EventID":2003,"Version":0,"Level":4,"Task":1,"Opcode":0,"Keywords":"0x2000000000000001","TimeCreated":{"#attributes":{"SystemTime":"2016-06-21T13:17:50.379997Z"}},"EventRecordID":660,"Correlation":null,"Execution":{"#attributes":{"ProcessID":5500,"ThreadID":6492}},"Channel":"Application","Computer":"4orensics","Security":{"#attributes":{"UserID":"S-1-5-19"}}},"EventData":null}}}\n[...]\n'})})]})}function h(e={}){const{wrapper:t}={...(0,a.R)(),...e.components};return t?(0,s.jsx)(t,{...e,children:(0,s.jsx)(m,{...e})}):m(e)}},8453:(e,t,r)=>{r.d(t,{R:()=>i,x:()=>o});var n=r(6540);const s={},a=n.createContext(s);function i(e){const t=n.useContext(a);return n.useMemo((function(){return"function"==typeof e?e(t):{...t,...e}}),[t,e])}function o(e){let t;return t=e.disableParentContext?"function"==typeof e.components?e.components(s):e.components||s:i(e.components),n.createElement(a.Provider,{value:t},e.children)}},9365:(e,t,r)=>{r.d(t,{A:()=>i});r(6540);var n=r(4164);const s={tabItem:"tabItem_Ymn6"};var a=r(4848);function i({children:e,hidden:t,className:r}){return(0,a.jsx)("div",{role:"tabpanel",className:(0,n.A)(s.tabItem,r),hidden:t,children:e})}}}]);